<?xml version="1.0" encoding="UTF-8"?>
<testsuite xmlns:xsi="http://www.w3.org/2001/XMLSchema-instance" xsi:noNamespaceSchemaLocation="https://maven.apache.org/surefire/maven-surefire-plugin/xsd/surefire-test-report.xsd" name="Tests" time="34.333" tests="3" errors="0" skipped="0" failures="0">
  <properties>
[...]
</properties>
  <testcase name="checkClientsTest" classname="Tests" time="7.883"/>
  <testcase name="checkTeam" classname="Tests" time="5.734"/>
  <testcase name="authTest" classname="Tests" time="20.386"/>
</testsuite>